f:\项目\mir2server\cocoscom\debug\vc140.pdb
f:\项目\mir2server\cocoscom\debug\vc140.idb
f:\项目\mir2server\cocoscom\debug\api.obj
f:\项目\mir2server\cocoscom\debug\appdelegate.obj
f:\项目\mir2server\cocoscom\debug\configparser.obj
f:\项目\mir2server\cocoscom\debug\logsystem.obj
f:\项目\mir2server\cocoscom\debug\maptileinfo.obj
f:\项目\mir2server\cocoscom\debug\mirtilemap.obj
f:\项目\mir2server\cocoscom\debug\odclient.obj
f:\项目\mir2server\cocoscom\debug\odserver.obj
f:\项目\mir2server\cocoscom\debug\odsocket.obj
f:\项目\mir2server\cocoscom\debug\sqliter.obj
f:\项目\mir2server\cocoscom\debug\visiblerect.obj
f:\项目\mir2server\cocoscom\debug\dllmain.obj
f:\项目\mir2server\cocoscom\debug\shell.obj
f:\项目\mir2server\cocoscom\debug\sqlite3.obj
f:\项目\mir2server\debug.win32\cocoscom.lib
f:\项目\mir2server\debug.win32\cocoscom.exp
f:\项目\mir2server\debug.win32\cocoscom.dll
f:\项目\mir2server\debug.win32\cocoscom.pdb
f:\项目\mir2server\cocoscom\debug\cocoscom.tlog\cl.command.1.tlog
f:\项目\mir2server\cocoscom\debug\cocoscom.tlog\cl.read.1.tlog
f:\项目\mir2server\cocoscom\debug\cocoscom.tlog\cl.write.1.tlog
f:\项目\mir2server\cocoscom\debug\cocoscom.tlog\cocoscom.write.1u.tlog
f:\项目\mir2server\cocoscom\debug\cocoscom.tlog\link.command.1.tlog
f:\项目\mir2server\cocoscom\debug\cocoscom.tlog\link.read.1.tlog
f:\项目\mir2server\cocoscom\debug\cocoscom.tlog\link.write.1.tlog
